<?xml version="1.0" encoding="UTF-8"?>
<testng-results skipped="0" failed="0" ignored="0" total="1" passed="1">
  <reporter-output>
  </reporter-output>
  <suite name="Example test run" duration-ms="33123" started-at="2020-05-30T12:33:55Z" finished-at="2020-05-30T12:34:28Z">
    <groups>
    </groups>
    <test name="Simple Test" duration-ms="33123" started-at="2020-05-30T12:33:55Z" finished-at="2020-05-30T12:34:28Z">
      <class name="com.qa.testcases.homepageTest">
        <test-method status="PASS" signature="setup()[pri:0, instance:com.qa.testcases.homepageTest@1134affc]" name="setup" is-config="true" duration-ms="19310" started-at="2020-05-30T18:03:55Z" finished-at="2020-05-30T18:04:15Z">
          <reporter-output>
          </reporter-output>
        </test-method> <!-- setup -->
        <test-method status="PASS" signature="clickMenLink()[pri:0, instance:com.qa.testcases.homepageTest@1134affc]" name="clickMenLink" duration-ms="10654" started-at="2020-05-30T18:04:15Z" finished-at="2020-05-30T18:04:25Z">
          <reporter-output>
          </reporter-output>
        </test-method> <!-- clickMenLink -->
        <test-method status="PASS" signature="teardown()[pri:0, instance:com.qa.testcases.homepageTest@1134affc]" name="teardown" is-config="true" duration-ms="3140" started-at="2020-05-30T18:04:25Z" finished-at="2020-05-30T18:04:28Z">
          <reporter-output>
          </reporter-output>
        </test-method> <!-- teardown -->
      </class> <!-- com.qa.testcases.homepageTest -->
    </test> <!-- Simple Test -->
  </suite> <!-- Example test run -->
</testng-results>
